<?xml version="1.0" encoding="UTF-8"?>
<!-- Generated by org.testng.reporters.JUnitReportReporter -->
<testsuite skipped="0" hostname="DAL-6CON118-9W7" name="com.truven.advantagesuite.testcase.ReportCenterDescription" tests="1" failures="0" timestamp="12 Jul 2019 09:13:00 GMT" time="146.903" errors="0">
  <testcase name="SaveAndCompareDesc" time="146.903" classname="com.truven.advantagesuite.testcase.ReportCenterDescription"/>
</testsuite> <!-- com.truven.advantagesuite.testcase.ReportCenterDescription -->
