<?xml version="1.0" encoding="UTF-8"?>
<!-- Generated by org.testng.reporters.JUnitReportReporter -->
<testsuite skipped="0" hostname="DAL-6CON118-9W7" name="com.truven.advantagesuite.testcase.SaveAndCompareDescription" tests="1" failures="0" timestamp="04 Jul 2019 06:30:40 GMT" time="287.459" errors="0">
  <testcase name="SaveAndCompareDesc" time="287.459" classname="com.truven.advantagesuite.testcase.SaveAndCompareDescription"/>
</testsuite> <!-- com.truven.advantagesuite.testcase.SaveAndCompareDescription -->
