<?xml version="1.0" encoding="UTF-8"?>
<!-- Generated by org.testng.reporters.JUnitReportReporter -->
<testsuite skipped="0" hostname="DAL-6CON118-9W7" name="com.truven.advantagesuite.testcase.NewTest" tests="1" failures="0" timestamp="16 Jul 2019 12:59:24 GMT" time="226.188" errors="0">
  <testcase name="SaveAndCompareDesc" time="226.188" classname="com.truven.advantagesuite.testcase.NewTest"/>
</testsuite> <!-- com.truven.advantagesuite.testcase.NewTest -->
