<?xml version="1.0" encoding="UTF-8"?>
<!-- Generated by org.testng.reporters.JUnitReportReporter -->
<testsuite skipped="0" hostname="DAL-6CON118-9W7" name="com.truven.advantagesuite.testcase.NewTest" tests="1" failures="0" timestamp="17 Jul 2019 09:25:28 GMT" time="90.968" errors="0">
  <testcase name="SaveAndCompareDesc" time="90.968" classname="com.truven.advantagesuite.testcase.NewTest"/>
</testsuite> <!-- com.truven.advantagesuite.testcase.NewTest -->
