<?xml version="1.0" encoding="UTF-8"?>
<!-- Generated by org.testng.reporters.JUnitReportReporter -->
<testsuite skipped="0" hostname="DAL-6CON118-9W7" name="com.truven.advantagesuite.testcase.ReportCenterDescription" tests="1" failures="0" timestamp="16 Jul 2019 08:38:08 GMT" time="259.227" errors="0">
  <testcase name="SaveAndCompareDesc" time="259.227" classname="com.truven.advantagesuite.testcase.ReportCenterDescription"/>
</testsuite> <!-- com.truven.advantagesuite.testcase.ReportCenterDescription -->
