<?xml version="1.0" encoding="UTF-8"?>
<!-- Generated by org.testng.reporters.JUnitReportReporter -->
<testsuite skipped="0" hostname="DAL-6CON118-9W7" name="com.truven.advantagesuite.testcase.ReportCenterDescription" tests="1" failures="0" timestamp="11 Jul 2019 05:25:37 GMT" time="161.648" errors="0">
  <testcase name="SaveAndCompareDesc" time="161.648" classname="com.truven.advantagesuite.testcase.ReportCenterDescription"/>
</testsuite> <!-- com.truven.advantagesuite.testcase.ReportCenterDescription -->
